<?xml version="1.0" encoding="UTF-8"?>
<!-- Generated by org.testng.reporters.JUnitReportReporter -->
<testsuite hostname="DESKTOP-5NGHOS4" failures="0" tests="1" name="testCases.TC001_NewAccount" time="8.946" errors="0" timestamp="2023-12-26T20:19:39 IST" skipped="0">
  <testcase classname="testCases.TC001_NewAccount" name="test_NewAccount" time="8.946"/>
  <system-out/>
</testsuite> <!-- testCases.TC001_NewAccount -->
