<?xml version="1.0" encoding="UTF-8"?>
<!-- Generated by org.testng.reporters.JUnitReportReporter -->
<testsuite hostname="DESKTOP-5NGHOS4" failures="0" tests="1" name="testCases.TC001_NavigatetoNewAccount" time="31.465" errors="0" timestamp="2023-12-08T19:50:35 IST" skipped="0">
  <testcase classname="testCases.TC001_NavigatetoNewAccount" name="test_navigateToNewAccount" time="31.465"/>
  <system-out/>
</testsuite> <!-- testCases.TC001_NavigatetoNewAccount -->
